<?xml version="1.0" encoding="UTF-8"?>
<!-- Generated by org.testng.reporters.JUnitXMLReporter -->
<testsuite hostname="DEEPAKs-MacBook-Air.local" ignored="2" name="Default test" tests="2" failures="0" timestamp="25 Mar 2019 17:35:04 GMT" time="12.227" errors="0">
  <testcase name="verifyLogin" time="6.989" classname="Test.LoginTest"/>
  <testcase name="verifyFlightFinder" time="0.021" classname="Test.FlightFinderComponentTest"/>
  <testcase name="@BeforeTest setupEnvironment" time="0.0" classname="Test.AbstractTest">
    <ignored/>
  </testcase> <!-- @BeforeTest setupEnvironment -->
  <testcase name="@AfterTest closeEnvironment" time="0.0" classname="Test.AbstractTest">
    <ignored/>
  </testcase> <!-- @AfterTest closeEnvironment -->
</testsuite> <!-- Default test -->
